<?xml version="1.0" encoding="UTF-8"?>
<!-- Generated by org.testng.reporters.JUnitXMLReporter -->
<testsuite ignored="1" hostname="DESKTOP-41VTHPF" failures="0" tests="3" name="Test" time="29.033" errors="0" timestamp="2022-03-28T05:46:51 AST">
  <testcase classname="testcases.LoginTest" name="LoginFailureTest" time="7.266"/>
  <testcase classname="testcases.LoginTest" name="LoginSuccessTest" time="5.131"/>
  <testcase classname="testcases.LoginTest" name="ExternalDataTest" time="6.147"/>
  <testcase classname="testcases.LoginTest" name="ParameterizedTest" time="0.0">
    <ignored/>
  </testcase> <!-- ParameterizedTest -->
</testsuite> <!-- Test -->
