<?xml version="1.0" encoding="UTF-8"?>
<!-- Generated by org.testng.reporters.JUnitXMLReporter -->
<testsuite hostname="DESKTOP-41VTHPF" ignored="1" name="Test" tests="3" failures="0" timestamp="2022-03-19T07:20:18 AST" time="42.886" errors="0">
  <testcase name="LoginFailureTest" time="6.972" classname="testcases.LoginTest"/>
  <testcase name="LoginSuccessTest" time="11.154" classname="testcases.LoginTest"/>
  <testcase name="ExternalDataTest" time="10.655" classname="testcases.LoginTest"/>
  <testcase name="ParameterizedTest" time="0.0" classname="testcases.LoginTest">
    <ignored/>
  </testcase> <!-- ParameterizedTest -->
</testsuite> <!-- Test -->
