<?xml version="1.0" encoding="UTF-8"?>
<testng-results skipped="0" failed="0" ignored="1" total="4" passed="3">
  <reporter-output>
  </reporter-output>
  <suite name="Suite" duration-ms="42886" started-at="2022-03-19T07:19:35 AST" finished-at="2022-03-19T07:20:18 AST">
    <groups>
    </groups>
    <test name="Test" duration-ms="42886" started-at="2022-03-19T07:19:35 AST" finished-at="2022-03-19T07:20:18 AST">
      <class name="testcases.LoginTest">
        <test-method status="PASS" signature="DataSetup()[pri:0, instance:testcases.LoginTest@78e67e0a]" name="DataSetup" is-config="true" duration-ms="665" started-at="2022-03-19T07:19:35 AST" finished-at="2022-03-19T07:19:36 AST">
          <reporter-output>
          </reporter-output>
        </test-method> <!-- DataSetup -->
        <test-method status="PASS" signature="Setup(java.lang.reflect.Method)[pri:0, instance:testcases.LoginTest@78e67e0a]" name="Setup" is-config="true" duration-ms="4256" started-at="2022-03-19T07:19:36 AST" finished-at="2022-03-19T07:19:40 AST">
          <params>
            <param index="0">
              <value>
                <![CDATA[public void testcases.LoginTest.LoginFailureTest()]]>
              </value>
            </param>
          </params>
          <reporter-output>
          </reporter-output>
        </test-method> <!-- Setup -->
        <test-method status="PASS" signature="LoginFailureTest()[pri:0, instance:testcases.LoginTest@78e67e0a]" name="LoginFailureTest" duration-ms="6972" started-at="2022-03-19T07:19:40 AST" finished-at="2022-03-19T07:19:47 AST">
          <reporter-output>
          </reporter-output>
        </test-method> <!-- LoginFailureTest -->
        <test-method status="PASS" signature="TearDown()[pri:0, instance:testcases.LoginTest@78e67e0a]" name="TearDown" is-config="true" duration-ms="765" started-at="2022-03-19T07:19:47 AST" finished-at="2022-03-19T07:19:48 AST">
          <reporter-output>
          </reporter-output>
        </test-method> <!-- TearDown -->
        <test-method status="PASS" signature="Setup(java.lang.reflect.Method)[pri:0, instance:testcases.LoginTest@78e67e0a]" name="Setup" is-config="true" duration-ms="3288" started-at="2022-03-19T07:19:48 AST" finished-at="2022-03-19T07:19:51 AST">
          <params>
            <param index="0">
              <value>
                <![CDATA[public void testcases.LoginTest.LoginSuccessTest()]]>
              </value>
            </param>
          </params>
          <reporter-output>
          </reporter-output>
        </test-method> <!-- Setup -->
        <test-method status="PASS" signature="LoginSuccessTest()[pri:0, instance:testcases.LoginTest@78e67e0a]" name="LoginSuccessTest" duration-ms="11154" started-at="2022-03-19T07:19:51 AST" finished-at="2022-03-19T07:20:02 AST">
          <reporter-output>
          </reporter-output>
        </test-method> <!-- LoginSuccessTest -->
        <test-method status="PASS" signature="TearDown()[pri:0, instance:testcases.LoginTest@78e67e0a]" name="TearDown" is-config="true" duration-ms="744" started-at="2022-03-19T07:20:02 AST" finished-at="2022-03-19T07:20:03 AST">
          <reporter-output>
          </reporter-output>
        </test-method> <!-- TearDown -->
        <test-method status="PASS" signature="Setup(java.lang.reflect.Method)[pri:0, instance:testcases.LoginTest@78e67e0a]" name="Setup" is-config="true" duration-ms="3203" started-at="2022-03-19T07:20:03 AST" finished-at="2022-03-19T07:20:06 AST">
          <params>
            <param index="0">
              <value>
                <![CDATA[public void testcases.LoginTest.ExternalDataTest()]]>
              </value>
            </param>
          </params>
          <reporter-output>
          </reporter-output>
        </test-method> <!-- Setup -->
        <test-method status="PASS" signature="ExternalDataTest()[pri:0, instance:testcases.LoginTest@78e67e0a]" name="ExternalDataTest" duration-ms="10655" started-at="2022-03-19T07:20:06 AST" finished-at="2022-03-19T07:20:17 AST">
          <reporter-output>
          </reporter-output>
        </test-method> <!-- ExternalDataTest -->
        <test-method status="PASS" signature="TearDown()[pri:0, instance:testcases.LoginTest@78e67e0a]" name="TearDown" is-config="true" duration-ms="709" started-at="2022-03-19T07:20:17 AST" finished-at="2022-03-19T07:20:18 AST">
          <reporter-output>
          </reporter-output>
        </test-method> <!-- TearDown -->
        <test-method status="PASS" signature="DataTearDown()[pri:0, instance:testcases.LoginTest@78e67e0a]" name="DataTearDown" is-config="true" duration-ms="434" started-at="2022-03-19T07:20:18 AST" finished-at="2022-03-19T07:20:18 AST">
          <reporter-output>
          </reporter-output>
        </test-method> <!-- DataTearDown -->
      </class> <!-- testcases.LoginTest -->
    </test> <!-- Test -->
  </suite> <!-- Suite -->
</testng-results>
