<?xml version="1.0" encoding="UTF-8"?>
<testng-results ignored="0" total="2" passed="2" failed="0" skipped="0">
  <reporter-output>
  </reporter-output>
  <suite started-at="2022-03-28T06:07:56 AST" name="Default suite" finished-at="2022-03-28T06:07:56 AST" duration-ms="55">
    <groups>
    </groups>
    <test started-at="2022-03-28T06:07:56 AST" name="Default test" finished-at="2022-03-28T06:07:56 AST" duration-ms="55">
      <class name="testcases.DataProviderExample">
        <test-method signature="PrintData(java.lang.String)[pri:0, instance:testcases.DataProviderExample@3232a28a]" started-at="2022-03-28T06:07:56 AST" name="PrintData" data-provider="dp-name" finished-at="2022-03-28T06:07:56 AST" duration-ms="10" status="PASS">
          <params>
            <param index="0">
              <value>
                <![CDATA[First-data]]>
              </value>
            </param>
          </params>
          <reporter-output>
          </reporter-output>
        </test-method> <!-- PrintData -->
        <test-method signature="PrintData(java.lang.String)[pri:0, instance:testcases.DataProviderExample@3232a28a]" started-at="2022-03-28T06:07:56 AST" name="PrintData" data-provider="dp-name" finished-at="2022-03-28T06:07:56 AST" duration-ms="2" status="PASS">
          <params>
            <param index="0">
              <value>
                <![CDATA[Second-data]]>
              </value>
            </param>
          </params>
          <reporter-output>
          </reporter-output>
        </test-method> <!-- PrintData -->
      </class> <!-- testcases.DataProviderExample -->
    </test> <!-- Default test -->
  </suite> <!-- Default suite -->
</testng-results>
