<?xml version="1.0" encoding="UTF-8"?>
<testng-results ignored="1" total="4" passed="3" failed="0" skipped="0">
  <reporter-output>
  </reporter-output>
  <suite started-at="2022-03-13T07:26:39 AST" name="Suite" finished-at="2022-03-13T07:27:08 AST" duration-ms="28485">
    <groups>
    </groups>
    <test started-at="2022-03-13T07:26:39 AST" name="Test" finished-at="2022-03-13T07:27:08 AST" duration-ms="28485">
      <class name="testcases.LoginTest">
        <test-method is-config="true" signature="DataSetup()[pri:0, instance:testcases.LoginTest@c88a337]" started-at="2022-03-13T07:26:39 AST" name="DataSetup" finished-at="2022-03-13T07:26:40 AST" duration-ms="553" status="PASS">
          <reporter-output>
          </reporter-output>
        </test-method> <!-- DataSetup -->
        <test-method is-config="true" signature="Setup(java.lang.reflect.Method)[pri:0, instance:testcases.LoginTest@c88a337]" started-at="2022-03-13T07:26:40 AST" name="Setup" finished-at="2022-03-13T07:26:43 AST" duration-ms="3357" status="PASS">
          <params>
            <param index="0">
              <value>
                <![CDATA[public void testcases.LoginTest.LoginFailureTest()]]>
              </value>
            </param>
          </params>
          <reporter-output>
          </reporter-output>
        </test-method> <!-- Setup -->
        <test-method signature="LoginFailureTest()[pri:0, instance:testcases.LoginTest@c88a337]" started-at="2022-03-13T07:26:43 AST" name="LoginFailureTest" finished-at="2022-03-13T07:26:50 AST" duration-ms="7159" status="PASS">
          <reporter-output>
          </reporter-output>
        </test-method> <!-- LoginFailureTest -->
        <test-method is-config="true" signature="TearDown()[pri:0, instance:testcases.LoginTest@c88a337]" started-at="2022-03-13T07:26:50 AST" name="TearDown" finished-at="2022-03-13T07:26:51 AST" duration-ms="259" status="PASS">
          <reporter-output>
          </reporter-output>
        </test-method> <!-- TearDown -->
        <test-method is-config="true" signature="Setup(java.lang.reflect.Method)[pri:0, instance:testcases.LoginTest@c88a337]" started-at="2022-03-13T07:26:51 AST" name="Setup" finished-at="2022-03-13T07:26:54 AST" duration-ms="2877" status="PASS">
          <params>
            <param index="0">
              <value>
                <![CDATA[public void testcases.LoginTest.LoginSuccessTest()]]>
              </value>
            </param>
          </params>
          <reporter-output>
          </reporter-output>
        </test-method> <!-- Setup -->
        <test-method signature="LoginSuccessTest()[pri:0, instance:testcases.LoginTest@c88a337]" started-at="2022-03-13T07:26:54 AST" name="LoginSuccessTest" finished-at="2022-03-13T07:26:59 AST" duration-ms="5688" status="PASS">
          <reporter-output>
          </reporter-output>
        </test-method> <!-- LoginSuccessTest -->
        <test-method is-config="true" signature="TearDown()[pri:0, instance:testcases.LoginTest@c88a337]" started-at="2022-03-13T07:26:59 AST" name="TearDown" finished-at="2022-03-13T07:27:00 AST" duration-ms="270" status="PASS">
          <reporter-output>
          </reporter-output>
        </test-method> <!-- TearDown -->
        <test-method is-config="true" signature="Setup(java.lang.reflect.Method)[pri:0, instance:testcases.LoginTest@c88a337]" started-at="2022-03-13T07:27:00 AST" name="Setup" finished-at="2022-03-13T07:27:02 AST" duration-ms="2760" status="PASS">
          <params>
            <param index="0">
              <value>
                <![CDATA[public void testcases.LoginTest.ExternalDataTest()]]>
              </value>
            </param>
          </params>
          <reporter-output>
          </reporter-output>
        </test-method> <!-- Setup -->
        <test-method signature="ExternalDataTest()[pri:0, instance:testcases.LoginTest@c88a337]" started-at="2022-03-13T07:27:02 AST" name="ExternalDataTest" finished-at="2022-03-13T07:27:07 AST" duration-ms="5033" status="PASS">
          <reporter-output>
          </reporter-output>
        </test-method> <!-- ExternalDataTest -->
        <test-method is-config="true" signature="TearDown()[pri:0, instance:testcases.LoginTest@c88a337]" started-at="2022-03-13T07:27:07 AST" name="TearDown" finished-at="2022-03-13T07:27:08 AST" duration-ms="235" status="PASS">
          <reporter-output>
          </reporter-output>
        </test-method> <!-- TearDown -->
        <test-method is-config="true" signature="DataTearDown()[pri:0, instance:testcases.LoginTest@c88a337]" started-at="2022-03-13T07:27:08 AST" name="DataTearDown" finished-at="2022-03-13T07:27:08 AST" duration-ms="256" status="PASS">
          <reporter-output>
          </reporter-output>
        </test-method> <!-- DataTearDown -->
      </class> <!-- testcases.LoginTest -->
    </test> <!-- Test -->
  </suite> <!-- Suite -->
</testng-results>
